TN:
SF:src/index.ts
FN:38,recursiveReaddirFiles
FN:42,getFiles
FN:45,(anonymous_2)
FN:48,(anonymous_3)
FN:62,(anonymous_4)
FN:83,(anonymous_5)
FNF:6
FNH:6
FNDA:4,recursiveReaddirFiles
FNDA:8,getFiles
FNDA:35,(anonymous_2)
FNDA:35,(anonymous_3)
FNDA:24,(anonymous_4)
FNDA:20,(anonymous_5)
DA:39,4
DA:43,8
DA:44,8
DA:45,35
DA:49,35
DA:50,1
DA:52,34
DA:53,3
DA:55,31
DA:56,23
DA:58,8
DA:61,7
DA:63,24
DA:64,24
DA:65,24
DA:66,24
DA:67,4
DA:68,4
DA:69,20
DA:70,20
DA:71,20
DA:75,7
DA:83,20
LF:23
LH:23
BRDA:38,0,0,2
BRDA:42,1,0,0
BRDA:42,2,0,8
BRDA:49,3,0,1
BRDA:49,3,1,34
BRDA:49,4,0,35
BRDA:49,4,1,16
BRDA:52,5,0,3
BRDA:52,5,1,31
BRDA:52,6,0,34
BRDA:52,6,1,15
BRDA:55,7,0,23
BRDA:55,7,1,8
BRDA:55,8,0,31
BRDA:55,8,1,28
BRDA:66,9,0,4
BRDA:66,9,1,20
BRDA:69,10,0,20
BRDA:69,10,1,0
BRF:19
BRH:17
end_of_record
