TN:
SF:src/index.ts
FN:41,recursiveReaddirFiles
FN:51,getFiles
FN:60,(anonymous_2)
FN:64,(anonymous_3)
FN:77,(anonymous_4)
FN:86,(anonymous_5)
FN:97,(anonymous_6)
FN:105,(anonymous_7)
FN:120,(anonymous_8)
FNF:9
FNH:9
FNDA:7,recursiveReaddirFiles
FNDA:17,getFiles
FNDA:86,(anonymous_2)
FNDA:86,(anonymous_3)
FNDA:14,(anonymous_4)
FNDA:46,(anonymous_5)
FNDA:48,(anonymous_6)
FNDA:61,(anonymous_7)
FNDA:51,(anonymous_8)
DA:46,7
DA:57,17
DA:58,17
DA:59,16
DA:60,86
DA:65,86
DA:66,2
DA:68,84
DA:69,6
DA:71,78
DA:72,72
DA:74,6
DA:76,16
DA:77,4
DA:78,14
DA:79,14
DA:80,2
DA:82,14
DA:85,12
DA:87,46
DA:88,46
DA:89,8
DA:90,8
DA:91,38
DA:92,38
DA:97,16
DA:98,48
DA:99,14
DA:101,34
DA:105,1
DA:106,61
DA:107,61
DA:108,61
DA:109,51
DA:110,51
DA:111,51
DA:113,61
DA:120,51
DA:123,1
DA:124,1
LF:40
LH:40
BRDA:43,0,0,2
BRDA:53,1,0,0
BRDA:54,2,0,0
BRDA:65,3,0,2
BRDA:65,3,1,84
BRDA:65,4,0,86
BRDA:65,4,1,38
BRDA:68,5,0,6
BRDA:68,5,1,78
BRDA:68,6,0,84
BRDA:68,6,1,36
BRDA:71,7,0,72
BRDA:71,7,1,6
BRDA:76,8,0,4
BRDA:76,8,1,12
BRDA:79,9,0,2
BRDA:79,9,1,12
BRDA:88,10,0,8
BRDA:88,10,1,38
BRDA:91,11,0,38
BRDA:91,11,1,0
BRDA:98,12,0,14
BRDA:98,12,1,34
BRDA:98,13,0,48
BRDA:98,13,1,14
BRDA:108,14,0,51
BRDA:108,14,1,10
BRDA:123,15,0,1
BRDA:123,15,1,0
BRDA:123,16,0,1
BRDA:123,16,1,1
BRF:31
BRH:27
end_of_record
